# JRE version: OpenJDK Runtime Environment (8.0_152-b01) (build 1.8.0_152-release-1343-b01)
# Java VM: OpenJDK 64-Bit Server VM (25.152-b01 mixed mode windows-amd64 compressed oops)
Heap:
 PSYoungGen      total 430592K, used 116586K [0x00000000e0000000, 0x00000000fff00000, 0x0000000100000000)
  eden space 373248K, 27% used [0x00000000e0000000,0x00000000e6487178,0x00000000f6c80000)
  from space 57344K, 23% used [0x00000000f6c80000,0x00000000f79d3768,0x00000000fa480000)
  to   space 56832K, 0% used [0x00000000fc780000,0x00000000fc780000,0x00000000fff00000)
 ParOldGen       total 309760K, used 75912K [0x00000000a0000000, 0x00000000b2e80000, 0x00000000e0000000)
  object space 309760K, 24% used [0x00000000a0000000,0x00000000a4a22270,0x00000000b2e80000)
 Metaspace       used 157214K, capacity 163414K, committed 166424K, reserved 1193984K
  class space    used 19640K, capacity 20856K, committed 21544K, reserved 1048576K
GC Heap History (10 events):
Event: 3851.085 GC heap before
{Heap before GC invocations=24 (full 4):
 PSYoungGen      total 378880K, used 352799K [0x00000000e0000000, 0x00000000fb680000, 0x0000000100000000)
  eden space 332800K, 100% used [0x00000000e0000000,0x00000000f4500000,0x00000000f4500000)
  from space 46080K, 43% used [0x00000000f4500000,0x00000000f5887fd8,0x00000000f7200000)
  to   space 44032K, 0% used [0x00000000f8b80000,0x00000000f8b80000,0x00000000fb680000)
 ParOldGen       total 253952K, used 81951K [0x00000000a0000000, 0x00000000af800000, 0x00000000e0000000)
  object space 253952K, 32% used [0x00000000a0000000,0x00000000a5007c10,0x00000000af800000)
 Metaspace       used 134003K, capacity 140792K, committed 140952K, reserved 1171456K
  class space    used 17043K, capacity 18260K, committed 18344K, reserved 1048576K
Event: 3851.174 GC heap after
Heap after GC invocations=24 (full 4):
 PSYoungGen      total 399360K, used 37864K [0x00000000e0000000, 0x00000000fb900000, 0x0000000100000000)
  eden space 355328K, 0% used [0x00000000e0000000,0x00000000e0000000,0x00000000f5b00000)
  from space 44032K, 85% used [0x00000000f8b80000,0x00000000fb07a350,0x00000000fb680000)
  to   space 48128K, 0% used [0x00000000f5b00000,0x00000000f5b00000,0x00000000f8a00000)
 ParOldGen       total 253952K, used 81959K [0x00000000a0000000, 0x00000000af800000, 0x00000000e0000000)
  object space 253952K, 32% used [0x00000000a0000000,0x00000000a5009c10,0x00000000af800000)
 Metaspace       used 134003K, capacity 140792K, committed 140952K, reserved 1171456K
  class space    used 17043K, capacity 18260K, committed 18344K, reserved 1048576K
}
Event: 5976.479 GC heap before
{Heap before GC invocations=25 (full 4):
 PSYoungGen      total 399360K, used 393192K [0x00000000e0000000, 0x00000000fb900000, 0x0000000100000000)
  eden space 355328K, 100% used [0x00000000e0000000,0x00000000f5b00000,0x00000000f5b00000)
  from space 44032K, 85% used [0x00000000f8b80000,0x00000000fb07a350,0x00000000fb680000)
  to   space 48128K, 0% used [0x00000000f5b00000,0x00000000f5b00000,0x00000000f8a00000)
 ParOldGen       total 253952K, used 81959K [0x00000000a0000000, 0x00000000af800000, 0x00000000e0000000)
  object space 253952K, 32% used [0x00000000a0000000,0x00000000a5009c10,0x00000000af800000)
 Metaspace       used 149752K, capacity 157376K, committed 157592K, reserved 1185792K
  class space    used 18943K, capacity 20286K, committed 20392K, reserved 1048576K
Event: 5976.804 GC heap after
Heap after GC invocations=25 (full 4):
 PSYoungGen      total 403456K, used 48102K [0x00000000e0000000, 0x00000000fdb80000, 0x0000000100000000)
  eden space 355328K, 0% used [0x00000000e0000000,0x00000000e0000000,0x00000000f5b00000)
  from space 48128K, 99% used [0x00000000f5b00000,0x00000000f89f9b60,0x00000000f8a00000)
  to   space 56320K, 0% used [0x00000000fa480000,0x00000000fa480000,0x00000000fdb80000)
 ParOldGen       total 253952K, used 86440K [0x00000000a0000000, 0x00000000af800000, 0x00000000e0000000)
  object space 253952K, 34% used [0x00000000a0000000,0x00000000a546a128,0x00000000af800000)
 Metaspace       used 149752K, capacity 157376K, committed 157592K, reserved 1185792K
  class space    used 18943K, capacity 20286K, committed 20392K, reserved 1048576K
}
Event: 5984.058 GC heap before
{Heap before GC invocations=26 (full 4):
 PSYoungGen      total 403456K, used 227096K [0x00000000e0000000, 0x00000000fdb80000, 0x0000000100000000)
  eden space 355328K, 50% used [0x00000000e0000000,0x00000000eaecc598,0x00000000f5b00000)
  from space 48128K, 99% used [0x00000000f5b00000,0x00000000f89f9b60,0x00000000f8a00000)
  to   space 56320K, 0% used [0x00000000fa480000,0x00000000fa480000,0x00000000fdb80000)
 ParOldGen       total 253952K, used 86440K [0x00000000a0000000, 0x00000000af800000, 0x00000000e0000000)
  object space 253952K, 34% used [0x00000000a0000000,0x00000000a546a128,0x00000000af800000)
 Metaspace       used 155845K, capacity 164112K, committed 164248K, reserved 1191936K
  class space    used 19715K, capacity 21126K, committed 21160K, reserved 1048576K
Event: 5984.161 GC heap after
Heap after GC invocations=26 (full 4):
 PSYoungGen      total 429568K, used 37118K [0x00000000e0000000, 0x00000000fed00000, 0x0000000100000000)
  eden space 373248K, 0% used [0x00000000e0000000,0x00000000e0000000,0x00000000f6c80000)
  from space 56320K, 65% used [0x00000000fa480000,0x00000000fc8bfa00,0x00000000fdb80000)
  to   space 57344K, 0% used [0x00000000f6c80000,0x00000000f6c80000,0x00000000fa480000)
 ParOldGen       total 253952K, used 91710K [0x00000000a0000000, 0x00000000af800000, 0x00000000e0000000)
  object space 253952K, 36% used [0x00000000a0000000,0x00000000a598f898,0x00000000af800000)
 Metaspace       used 155845K, capacity 164112K, committed 164248K, reserved 1191936K
  class space    used 19715K, capacity 21126K, committed 21160K, reserved 1048576K
}
Event: 5984.161 GC heap before
{Heap before GC invocations=27 (full 5):
 PSYoungGen      total 429568K, used 37118K [0x00000000e0000000, 0x00000000fed00000, 0x0000000100000000)
  eden space 373248K, 0% used [0x00000000e0000000,0x00000000e0000000,0x00000000f6c80000)
  from space 56320K, 65% used [0x00000000fa480000,0x00000000fc8bfa00,0x00000000fdb80000)
  to   space 57344K, 0% used [0x00000000f6c80000,0x00000000f6c80000,0x00000000fa480000)
 ParOldGen       total 253952K, used 91710K [0x00000000a0000000, 0x00000000af800000, 0x00000000e0000000)
  object space 253952K, 36% used [0x00000000a0000000,0x00000000a598f898,0x00000000af800000)
 Metaspace       used 155845K, capacity 164112K, committed 164248K, reserved 1191936K
  class space    used 19715K, capacity 21126K, committed 21160K, reserved 1048576K
Event: 5985.888 GC heap after
Heap after GC invocations=27 (full 5):
 PSYoungGen      total 429568K, used 0K [0x00000000e0000000, 0x00000000fed00000, 0x0000000100000000)
  eden space 373248K, 0% used [0x00000000e0000000,0x00000000e0000000,0x00000000f6c80000)
  from space 56320K, 0% used [0x00000000fa480000,0x00000000fa480000,0x00000000fdb80000)
  to   space 57344K, 0% used [0x00000000f6c80000,0x00000000f6c80000,0x00000000fa480000)
 ParOldGen       total 309760K, used 75904K [0x00000000a0000000, 0x00000000b2e80000, 0x00000000e0000000)
  object space 309760K, 24% used [0x00000000a0000000,0x00000000a4a20270,0x00000000b2e80000)
 Metaspace       used 152850K, capacity 158764K, committed 164248K, reserved 1191936K
  class space    used 19176K, capacity 20307K, committed 21160K, reserved 1048576K
}
Event: 8830.879 GC heap before
{Heap before GC invocations=28 (full 5):
 PSYoungGen      total 429568K, used 373248K [0x00000000e0000000, 0x00000000fed00000, 0x0000000100000000)
  eden space 373248K, 100% used [0x00000000e0000000,0x00000000f6c80000,0x00000000f6c80000)
  from space 56320K, 0% used [0x00000000fa480000,0x00000000fa480000,0x00000000fdb80000)
  to   space 57344K, 0% used [0x00000000f6c80000,0x00000000f6c80000,0x00000000fa480000)
 ParOldGen       total 309760K, used 75904K [0x00000000a0000000, 0x00000000b2e80000, 0x00000000e0000000)
  object space 309760K, 24% used [0x00000000a0000000,0x00000000a4a20270,0x00000000b2e80000)
 Metaspace       used 157206K, capacity 163414K, committed 166424K, reserved 1193984K
  class space    used 19639K, capacity 20856K, committed 21544K, reserved 1048576K
Event: 8831.110 GC heap after
Heap after GC invocations=28 (full 5):
 PSYoungGen      total 430592K, used 13645K [0x00000000e0000000, 0x00000000fff00000, 0x0000000100000000)
  eden space 373248K, 0% used [0x00000000e0000000,0x00000000e0000000,0x00000000f6c80000)
  from space 57344K, 23% used [0x00000000f6c80000,0x00000000f79d3768,0x00000000fa480000)
  to   space 56832K, 0% used [0x00000000fc780000,0x00000000fc780000,0x00000000fff00000)
 ParOldGen       total 309760K, used 75912K [0x00000000a0000000, 0x00000000b2e80000, 0x00000000e0000000)
  object space 309760K, 24% used [0x00000000a0000000,0x00000000a4a22270,0x00000000b2e80000)
 Metaspace       used 157206K, capacity 163414K, committed 166424K, reserved 1193984K
  class space    used 19639K, capacity 20856K, committed 21544K, reserved 1048576K
}

